# JRE version: OpenJDK Runtime Environment (8.0_242-b01) (build 1.8.0_242-release-1644-b01)
# Java VM: OpenJDK 64-Bit Server VM (25.242-b01 mixed mode windows-amd64 compressed oops)
Heap:
 PSYoungGen      total 31232K, used 4279K [0x00000000e0000000, 0x00000000e3100000, 0x0000000100000000)
  eden space 27648K, 3% used [0x00000000e0000000,0x00000000e01097b8,0x00000000e1b00000)
  from space 3584K, 89% used [0x00000000e1b80000,0x00000000e1ea45b0,0x00000000e1f00000)
  to   space 11264K, 0% used [0x00000000e2600000,0x00000000e2600000,0x00000000e3100000)
 ParOldGen       total 49152K, used 13658K [0x00000000a0000000, 0x00000000a3000000, 0x00000000e0000000)
  object space 49152K, 27% used [0x00000000a0000000,0x00000000a0d56a90,0x00000000a3000000)
 Metaspace       used 36543K, capacity 38098K, committed 38232K, reserved 1081344K
  class space    used 5017K, capacity 5388K, committed 5504K, reserved 1048576K
GC Heap History (10 events):
Event: 243.149 GC heap before
{Heap before GC invocations=13 (full 1):
 PSYoungGen      total 39936K, used 37207K [0x00000000e0000000, 0x00000000e3200000, 0x0000000100000000)
  eden space 29696K, 100% used [0x00000000e0000000,0x00000000e1d00000,0x00000000e1d00000)
  from space 10240K, 73% used [0x00000000e1d80000,0x00000000e24d5ed8,0x00000000e2780000)
  to   space 10752K, 0% used [0x00000000e2780000,0x00000000e2780000,0x00000000e3200000)
 ParOldGen       total 43520K, used 6731K [0x00000000a0000000, 0x00000000a2a80000, 0x00000000e0000000)
  object space 43520K, 15% used [0x00000000a0000000,0x00000000a0692fe0,0x00000000a2a80000)
 Metaspace       used 33978K, capacity 35164K, committed 35416K, reserved 1079296K
  class space    used 4652K, capacity 4941K, committed 4992K, reserved 1048576K
Event: 243.154 GC heap after
Heap after GC invocations=13 (full 1):
 PSYoungGen      total 39936K, used 8214K [0x00000000e0000000, 0x00000000e3280000, 0x0000000100000000)
  eden space 29184K, 0% used [0x00000000e0000000,0x00000000e0000000,0x00000000e1c80000)
  from space 10752K, 76% used [0x00000000e2780000,0x00000000e2f85968,0x00000000e3200000)
  to   space 11264K, 0% used [0x00000000e1c80000,0x00000000e1c80000,0x00000000e2780000)
 ParOldGen       total 43520K, used 6739K [0x00000000a0000000, 0x00000000a2a80000, 0x00000000e0000000)
  object space 43520K, 15% used [0x00000000a0000000,0x00000000a0694fe0,0x00000000a2a80000)
 Metaspace       used 33978K, capacity 35164K, committed 35416K, reserved 1079296K
  class space    used 4652K, capacity 4941K, committed 4992K, reserved 1048576K
}
Event: 249.660 GC heap before
{Heap before GC invocations=14 (full 1):
 PSYoungGen      total 39936K, used 13881K [0x00000000e0000000, 0x00000000e3280000, 0x0000000100000000)
  eden space 29184K, 19% used [0x00000000e0000000,0x00000000e0588cf0,0x00000000e1c80000)
  from space 10752K, 76% used [0x00000000e2780000,0x00000000e2f85968,0x00000000e3200000)
  to   space 11264K, 0% used [0x00000000e1c80000,0x00000000e1c80000,0x00000000e2780000)
 ParOldGen       total 43520K, used 6739K [0x00000000a0000000, 0x00000000a2a80000, 0x00000000e0000000)
  object space 43520K, 15% used [0x00000000a0000000,0x00000000a0694fe0,0x00000000a2a80000)
 Metaspace       used 34223K, capacity 35380K, committed 35416K, reserved 1079296K
  class space    used 4696K, capacity 4985K, committed 4992K, reserved 1048576K
Event: 249.665 GC heap after
Heap after GC invocations=14 (full 1):
 PSYoungGen      total 36352K, used 7248K [0x00000000e0000000, 0x00000000e3100000, 0x0000000100000000)
  eden space 28672K, 0% used [0x00000000e0000000,0x00000000e0000000,0x00000000e1c00000)
  from space 7680K, 94% used [0x00000000e1c80000,0x00000000e23941d0,0x00000000e2400000)
  to   space 10752K, 0% used [0x00000000e2680000,0x00000000e2680000,0x00000000e3100000)
 ParOldGen       total 43520K, used 6747K [0x00000000a0000000, 0x00000000a2a80000, 0x00000000e0000000)
  object space 43520K, 15% used [0x00000000a0000000,0x00000000a0696fe0,0x00000000a2a80000)
 Metaspace       used 34223K, capacity 35380K, committed 35416K, reserved 1079296K
  class space    used 4696K, capacity 4985K, committed 4992K, reserved 1048576K
}
Event: 249.665 GC heap before
{Heap before GC invocations=15 (full 2):
 PSYoungGen      total 36352K, used 7248K [0x00000000e0000000, 0x00000000e3100000, 0x0000000100000000)
  eden space 28672K, 0% used [0x00000000e0000000,0x00000000e0000000,0x00000000e1c00000)
  from space 7680K, 94% used [0x00000000e1c80000,0x00000000e23941d0,0x00000000e2400000)
  to   space 10752K, 0% used [0x00000000e2680000,0x00000000e2680000,0x00000000e3100000)
 ParOldGen       total 43520K, used 6747K [0x00000000a0000000, 0x00000000a2a80000, 0x00000000e0000000)
  object space 43520K, 15% used [0x00000000a0000000,0x00000000a0696fe0,0x00000000a2a80000)
 Metaspace       used 34223K, capacity 35380K, committed 35416K, reserved 1079296K
  class space    used 4696K, capacity 4985K, committed 4992K, reserved 1048576K
Event: 249.731 GC heap after
Heap after GC invocations=15 (full 2):
 PSYoungGen      total 36352K, used 0K [0x00000000e0000000, 0x00000000e3100000, 0x0000000100000000)
  eden space 28672K, 0% used [0x00000000e0000000,0x00000000e0000000,0x00000000e1c00000)
  from space 7680K, 0% used [0x00000000e1c80000,0x00000000e1c80000,0x00000000e2400000)
  to   space 10752K, 0% used [0x00000000e2680000,0x00000000e2680000,0x00000000e3100000)
 ParOldGen       total 49152K, used 13642K [0x00000000a0000000, 0x00000000a3000000, 0x00000000e0000000)
  object space 49152K, 27% used [0x00000000a0000000,0x00000000a0d52a90,0x00000000a3000000)
 Metaspace       used 34223K, capacity 35380K, committed 35416K, reserved 1079296K
  class space    used 4696K, capacity 4985K, committed 4992K, reserved 1048576K
}
Event: 284.845 GC heap before
{Heap before GC invocations=16 (full 2):
 PSYoungGen      total 36352K, used 28672K [0x00000000e0000000, 0x00000000e3100000, 0x0000000100000000)
  eden space 28672K, 100% used [0x00000000e0000000,0x00000000e1c00000,0x00000000e1c00000)
  from space 7680K, 0% used [0x00000000e1c80000,0x00000000e1c80000,0x00000000e2400000)
  to   space 10752K, 0% used [0x00000000e2680000,0x00000000e2680000,0x00000000e3100000)
 ParOldGen       total 49152K, used 13642K [0x00000000a0000000, 0x00000000a3000000, 0x00000000e0000000)
  object space 49152K, 27% used [0x00000000a0000000,0x00000000a0d52a90,0x00000000a3000000)
 Metaspace       used 35679K, capacity 37020K, committed 37208K, reserved 1081344K
  class space    used 4915K, capacity 5233K, committed 5248K, reserved 1048576K
Event: 284.847 GC heap after
Heap after GC invocations=16 (full 2):
 PSYoungGen      total 38912K, used 2118K [0x00000000e0000000, 0x00000000e3180000, 0x0000000100000000)
  eden space 28160K, 0% used [0x00000000e0000000,0x00000000e0000000,0x00000000e1b80000)
  from space 10752K, 19% used [0x00000000e2680000,0x00000000e2891a58,0x00000000e3100000)
  to   space 11264K, 0% used [0x00000000e1b80000,0x00000000e1b80000,0x00000000e2680000)
 ParOldGen       total 49152K, used 13650K [0x00000000a0000000, 0x00000000a3000000, 0x00000000e0000000)
  object space 49152K, 27% used [0x00000000a0000000,0x00000000a0d54a90,0x00000000a3000000)
 Metaspace       used 35679K, capacity 37020K, committed 37208K, reserved 1081344K
  class space    used 4915K, capacity 5233K, committed 5248K, reserved 1048576K
}
Event: 379.281 GC heap before
{Heap before GC invocations=17 (full 2):
 PSYoungGen      total 38912K, used 30278K [0x00000000e0000000, 0x00000000e3180000, 0x0000000100000000)
  eden space 28160K, 100% used [0x00000000e0000000,0x00000000e1b80000,0x00000000e1b80000)
  from space 10752K, 19% used [0x00000000e2680000,0x00000000e2891a58,0x00000000e3100000)
  to   space 11264K, 0% used [0x00000000e1b80000,0x00000000e1b80000,0x00000000e2680000)
 ParOldGen       total 49152K, used 13650K [0x00000000a0000000, 0x00000000a3000000, 0x00000000e0000000)
  object space 49152K, 27% used [0x00000000a0000000,0x00000000a0d54a90,0x00000000a3000000)
 Metaspace       used 36531K, capacity 38098K, committed 38232K, reserved 1081344K
  class space    used 5017K, capacity 5388K, committed 5504K, reserved 1048576K
Event: 379.284 GC heap after
Heap after GC invocations=17 (full 2):
 PSYoungGen      total 31232K, used 3217K [0x00000000e0000000, 0x00000000e3100000, 0x0000000100000000)
  eden space 27648K, 0% used [0x00000000e0000000,0x00000000e0000000,0x00000000e1b00000)
  from space 3584K, 89% used [0x00000000e1b80000,0x00000000e1ea45b0,0x00000000e1f00000)
  to   space 11264K, 0% used [0x00000000e2600000,0x00000000e2600000,0x00000000e3100000)
 ParOldGen       total 49152K, used 13658K [0x00000000a0000000, 0x00000000a3000000, 0x00000000e0000000)
  object space 49152K, 27% used [0x00000000a0000000,0x00000000a0d56a90,0x00000000a3000000)
 Metaspace       used 36531K, capacity 38098K, committed 38232K, reserved 1081344K
  class space    used 5017K, capacity 5388K, committed 5504K, reserved 1048576K
}

